  [1m[35m (95.5ms)[0m  [1m[35mCREATE TABLE "schema_migrations" ("version" varchar NOT NULL PRIMARY KEY)[0m
  [1m[35m (97.3ms)[0m  [1m[35mCREATE TABLE "ar_internal_metadata" ("key" varchar NOT NULL PRIMARY KEY, "value" varchar, "created_at" datetime NOT NULL, "updated_at" datetime NOT NULL)[0m
  [1m[36mActiveRecord::SchemaMigration Load (0.3ms)[0m  [1m[34mSELECT "schema_migrations".* FROM "schema_migrations"[0m
Migrating to CreateImages (20170220192507)
  [1m[35m (0.1ms)[0m  [1m[36mbegin transaction[0m
  [1m[35m (0.7ms)[0m  [1m[35mCREATE TABLE "images" ("id" INTEGER PRIMARY KEY AUTOINCREMENT NOT NULL, "image_uid" varchar, "created_at" datetime NOT NULL, "updated_at" datetime NOT NULL)[0m
  [1m[35mSQL (0.2ms)[0m  [1m[32mINSERT INTO "schema_migrations" ("version") VALUES (?)[0m  [["version", "20170220192507"]]
  [1m[35m (99.0ms)[0m  [1m[36mcommit transaction[0m
  [1m[36mActiveRecord::InternalMetadata Load (0.4ms)[0m  [1m[34mSELECT  "ar_internal_metadata".* FROM "ar_internal_metadata" WHERE "ar_internal_metadata"."key" = ? LIMIT ?[0m  [["key", :environment], ["LIMIT", 1]]
  [1m[35m (0.1ms)[0m  [1m[36mbegin transaction[0m
  [1m[35mSQL (0.5ms)[0m  [1m[32mINSERT INTO "ar_internal_metadata" ("key", "value", "created_at", "updated_at") VALUES (?, ?, ?, ?)[0m  [["key", "environment"], ["value", "development"], ["created_at", 2017-02-20 19:25:15 UTC], ["updated_at", 2017-02-20 19:25:15 UTC]]
  [1m[35m (94.5ms)[0m  [1m[36mcommit transaction[0m
  [1m[36mActiveRecord::SchemaMigration Load (0.3ms)[0m  [1m[34mSELECT "schema_migrations".* FROM "schema_migrations"[0m
Started GET "/" for 127.0.0.1 at 2017-02-20 23:08:24 +0300
  [1m[36mActiveRecord::SchemaMigration Load (0.1ms)[0m  [1m[34mSELECT "schema_migrations".* FROM "schema_migrations"[0m
Processing by ImagesController#index as HTML
  Rendering images/index.html.erb within layouts/application
  Rendered images/index.html.erb within layouts/application (2.8ms)
Completed 500 Internal Server Error in 105ms (ActiveRecord: 0.0ms)


  
SyntaxError (/home/zhurinvlad/Документы/test/valucon/app/views/images/index.html.erb:3: syntax error, unexpected ',', expecting ')'
...ppend=( file_field_tag(:image), required: true  );@output_bu...
...                               ^
/home/zhurinvlad/Документы/test/valucon/app/views/images/index.html.erb:4: syntax error, unexpected ',', expecting ')'
...pend=( submit_tag("Add image"), class: 'btn btn-primary btn-...
...                               ^):
  
app/views/images/index.html.erb:3: syntax error, unexpected ',', expecting ')'
app/views/images/index.html.erb:4: syntax error, unexpected ',', expecting ')'
  Rendering /home/zhurinvlad/.rvm/gems/ruby-2.3.1@valucon/gems/actionpack-5.0.1/lib/action_dispatch/middleware/templates/rescues/diagnostics.html.erb within rescues/layout
  Rendering /home/zhurinvlad/.rvm/gems/ruby-2.3.1@valucon/gems/actionpack-5.0.1/lib/action_dispatch/middleware/templates/rescues/_source.html.erb
  Rendered /home/zhurinvlad/.rvm/gems/ruby-2.3.1@valucon/gems/actionpack-5.0.1/lib/action_dispatch/middleware/templates/rescues/_source.html.erb (7.1ms)
  Rendering /home/zhurinvlad/.rvm/gems/ruby-2.3.1@valucon/gems/actionpack-5.0.1/lib/action_dispatch/middleware/templates/rescues/_trace.html.erb
  Rendered /home/zhurinvlad/.rvm/gems/ruby-2.3.1@valucon/gems/actionpack-5.0.1/lib/action_dispatch/middleware/templates/rescues/_trace.html.erb (2.8ms)
  Rendering /home/zhurinvlad/.rvm/gems/ruby-2.3.1@valucon/gems/actionpack-5.0.1/lib/action_dispatch/middleware/templates/rescues/_request_and_response.html.erb
  Rendered /home/zhurinvlad/.rvm/gems/ruby-2.3.1@valucon/gems/actionpack-5.0.1/lib/action_dispatch/middleware/templates/rescues/_request_and_response.html.erb (1.1ms)
  Rendered /home/zhurinvlad/.rvm/gems/ruby-2.3.1@valucon/gems/actionpack-5.0.1/lib/action_dispatch/middleware/templates/rescues/diagnostics.html.erb within rescues/layout (38.9ms)
Started GET "/" for 127.0.0.1 at 2017-02-20 23:09:04 +0300
Processing by ImagesController#index as HTML
  Rendering images/index.html.erb within layouts/application
  Rendered images/index.html.erb within layouts/application (13.9ms)
Completed 500 Internal Server Error in 17ms (ActiveRecord: 0.0ms)


  
SyntaxError (/home/zhurinvlad/Документы/test/valucon/app/views/images/index.html.erb:4: syntax error, unexpected ',', expecting ')'
...pend=( submit_tag("Add image"), class: 'btn btn-primary btn-...
...                               ^):
  
app/views/images/index.html.erb:4: syntax error, unexpected ',', expecting ')'
  Rendering /home/zhurinvlad/.rvm/gems/ruby-2.3.1@valucon/gems/actionpack-5.0.1/lib/action_dispatch/middleware/templates/rescues/diagnostics.html.erb within rescues/layout
  Rendering /home/zhurinvlad/.rvm/gems/ruby-2.3.1@valucon/gems/actionpack-5.0.1/lib/action_dispatch/middleware/templates/rescues/_source.html.erb
  Rendered /home/zhurinvlad/.rvm/gems/ruby-2.3.1@valucon/gems/actionpack-5.0.1/lib/action_dispatch/middleware/templates/rescues/_source.html.erb (4.6ms)
  Rendering /home/zhurinvlad/.rvm/gems/ruby-2.3.1@valucon/gems/actionpack-5.0.1/lib/action_dispatch/middleware/templates/rescues/_trace.html.erb
  Rendered /home/zhurinvlad/.rvm/gems/ruby-2.3.1@valucon/gems/actionpack-5.0.1/lib/action_dispatch/middleware/templates/rescues/_trace.html.erb (2.0ms)
  Rendering /home/zhurinvlad/.rvm/gems/ruby-2.3.1@valucon/gems/actionpack-5.0.1/lib/action_dispatch/middleware/templates/rescues/_request_and_response.html.erb
  Rendered /home/zhurinvlad/.rvm/gems/ruby-2.3.1@valucon/gems/actionpack-5.0.1/lib/action_dispatch/middleware/templates/rescues/_request_and_response.html.erb (0.6ms)
  Rendered /home/zhurinvlad/.rvm/gems/ruby-2.3.1@valucon/gems/actionpack-5.0.1/lib/action_dispatch/middleware/templates/rescues/diagnostics.html.erb within rescues/layout (21.7ms)
Started GET "/" for 127.0.0.1 at 2017-02-20 23:09:15 +0300
Processing by ImagesController#index as HTML
  Rendering images/index.html.erb within layouts/application
  [1m[36mImage Load (0.3ms)[0m  [1m[34mSELECT "images".* FROM "images"[0m
  Rendered images/index.html.erb within layouts/application (5.9ms)
Completed 200 OK in 4061ms (Views: 4058.0ms | ActiveRecord: 1.0ms)


Started POST "/images" for 127.0.0.1 at 2017-02-20 23:09:34 +0300
Processing by ImagesController#create as HTML
  Parameters: {"utf8"=>"✓", "authenticity_token"=>"cwFQh46Ept2EBn2z4x36TAFV2OH8TqF+8AmiTqJmudq7WJgFjV5gRTjCSown0uNJ96B+S+eSCvlp3LPCsOhS3g==", "image"=>"DSC_1595.JPG", "commit"=>"Add image"}
Completed 500 Internal Server Error in 10ms (ActiveRecord: 0.0ms)


  
NoMethodError (undefined method `permit' for "DSC_1595.JPG":String
Did you mean?  print):
  
app/controllers/images_controller.rb:19:in `image_params'
app/controllers/images_controller.rb:7:in `create'
  Rendering /home/zhurinvlad/.rvm/gems/ruby-2.3.1@valucon/gems/actionpack-5.0.1/lib/action_dispatch/middleware/templates/rescues/diagnostics.html.erb within rescues/layout
  Rendering /home/zhurinvlad/.rvm/gems/ruby-2.3.1@valucon/gems/actionpack-5.0.1/lib/action_dispatch/middleware/templates/rescues/_source.html.erb
  Rendered /home/zhurinvlad/.rvm/gems/ruby-2.3.1@valucon/gems/actionpack-5.0.1/lib/action_dispatch/middleware/templates/rescues/_source.html.erb (3.8ms)
  Rendering /home/zhurinvlad/.rvm/gems/ruby-2.3.1@valucon/gems/actionpack-5.0.1/lib/action_dispatch/middleware/templates/rescues/_trace.html.erb
  Rendered /home/zhurinvlad/.rvm/gems/ruby-2.3.1@valucon/gems/actionpack-5.0.1/lib/action_dispatch/middleware/templates/rescues/_trace.html.erb (1.9ms)
  Rendering /home/zhurinvlad/.rvm/gems/ruby-2.3.1@valucon/gems/actionpack-5.0.1/lib/action_dispatch/middleware/templates/rescues/_request_and_response.html.erb
  Rendered /home/zhurinvlad/.rvm/gems/ruby-2.3.1@valucon/gems/actionpack-5.0.1/lib/action_dispatch/middleware/templates/rescues/_request_and_response.html.erb (1.1ms)
  Rendered /home/zhurinvlad/.rvm/gems/ruby-2.3.1@valucon/gems/actionpack-5.0.1/lib/action_dispatch/middleware/templates/rescues/diagnostics.html.erb within rescues/layout (21.6ms)
